[0.008s] Invoking command in '/home/tukorea/ros2_ws/build/dss_ros2_bridge': CMAKE_PREFIX_PATH=/opt/ros/humble /usr/bin/cmake /home/tukorea/ros2_ws/src/dss_ros2_bridge/dss_ros2_bridge -DCMAKE_INSTALL_PREFIX=/home/tukorea/ros2_ws/install/dss_ros2_bridge
[0.037s] -- Found ament_cmake: 1.3.12 (/opt/ros/humble/share/ament_cmake/cmake)
[0.111s] -- Override CMake install command with custom implementation using symlinks instead of copying resources
[0.126s] -- Found rclcpp: 16.0.17 (/opt/ros/humble/share/rclcpp/cmake)
[0.217s] -- Found rosidl_generator_c: 3.1.8 (/opt/ros/humble/share/rosidl_generator_c/cmake)
[0.219s] -- Found rosidl_adapter: 3.1.8 (/opt/ros/humble/share/rosidl_adapter/cmake)
[0.226s] -- Found rosidl_generator_cpp: 3.1.8 (/opt/ros/humble/share/rosidl_generator_cpp/cmake)
[0.235s] -- Using all available rosidl_typesupport_c: rosidl_typesupport_fastrtps_c;rosidl_typesupport_introspection_c
[0.245s] -- Using all available rosidl_typesupport_cpp: rosidl_typesupport_fastrtps_cpp;rosidl_typesupport_introspection_cpp
[0.271s] -- Found rmw_implementation_cmake: 6.1.2 (/opt/ros/humble/share/rmw_implementation_cmake/cmake)
[0.273s] -- Found rmw_fastrtps_cpp: 6.2.9 (/opt/ros/humble/share/rmw_fastrtps_cpp/cmake)
[3.060s] -- Using RMW implementation 'rmw_fastrtps_cpp' as default
[3.118s] -- Found rclpy: 3.3.19 (/opt/ros/humble/share/rclpy/cmake)
[3.119s] -- Found cv_bridge: 3.2.1 (/opt/ros/humble/share/cv_bridge/cmake)
[3.153s] -- Found nav_msgs: 4.9.0 (/opt/ros/humble/share/nav_msgs/cmake)
[3.166s] -- Found visualization_msgs: 4.9.0 (/opt/ros/humble/share/visualization_msgs/cmake)
[3.198s] -- Found rosidl_default_generators: 1.2.0 (/opt/ros/humble/share/rosidl_default_generators/cmake)
[3.323s] -- Found ament_cmake_ros: 0.10.0 (/opt/ros/humble/share/ament_cmake_ros/cmake)
[3.477s] -- Using all available rosidl_typesupport_c: rosidl_typesupport_fastrtps_c;rosidl_typesupport_introspection_c
[3.537s] -- Using all available rosidl_typesupport_cpp: rosidl_typesupport_fastrtps_cpp;rosidl_typesupport_introspection_cpp
[3.549s] -- Found python_cmake_module: 0.10.0 (/opt/ros/humble/share/python_cmake_module/cmake)
[3.562s] -- Using PYTHON_EXECUTABLE: /usr/bin/python3
[3.562s] -- Using PYTHON_INCLUDE_DIRS: /usr/include/python3.10
[3.562s] -- Using PYTHON_LIBRARIES: /usr/lib/x86_64-linux-gnu/libpython3.10.so
[3.589s] -- Configuring done
[3.645s] -- Generating done
[3.654s] -- Build files have been written to: /home/tukorea/ros2_ws/build/dss_ros2_bridge
[3.662s] Invoked command in '/home/tukorea/ros2_ws/build/dss_ros2_bridge' returned '0': CMAKE_PREFIX_PATH=/opt/ros/humble /usr/bin/cmake /home/tukorea/ros2_ws/src/dss_ros2_bridge/dss_ros2_bridge -DCMAKE_INSTALL_PREFIX=/home/tukorea/ros2_ws/install/dss_ros2_bridge
[3.663s] Invoking command in '/home/tukorea/ros2_ws/build/dss_ros2_bridge': CMAKE_PREFIX_PATH=/opt/ros/humble /usr/bin/cmake --build /home/tukorea/ros2_ws/build/dss_ros2_bridge -- -j20 -l20
[3.686s] [35m[1mConsolidate compiler generated dependencies of target dss_ros2_bridge__rosidl_generator_c[0m
[3.690s] [  1%] Built target dss_ros2_bridge__cpp
[3.694s] [  1%] Built target ament_cmake_python_symlink_dss_ros2_bridge
[3.695s] [  7%] Built target dss_ros2_bridge__rosidl_generator_c
[3.695s] [35m[1mConsolidate compiler generated dependencies of target dss_ros2_bridge__rosidl_typesupport_cpp[0m
[3.697s] [35m[1mConsolidate compiler generated dependencies of target dss_ros2_bridge__rosidl_typesupport_fastrtps_cpp[0m
[3.698s] [35m[1mConsolidate compiler generated dependencies of target dss_ros2_bridge__rosidl_typesupport_introspection_cpp[0m
[3.700s] [35m[1mConsolidate compiler generated dependencies of target dss_ros2_bridge__rosidl_typesupport_fastrtps_c[0m
[3.701s] [35m[1mConsolidate compiler generated dependencies of target dss_ros2_bridge__rosidl_typesupport_introspection_c[0m
[3.702s] [35m[1mConsolidate compiler generated dependencies of target dss_ros2_bridge__rosidl_typesupport_c[0m
[3.707s] [ 17%] Built target dss_ros2_bridge__rosidl_typesupport_introspection_cpp
[3.707s] [ 17%] Built target dss_ros2_bridge__rosidl_typesupport_introspection_c
[3.707s] [ 23%] Built target dss_ros2_bridge__rosidl_typesupport_cpp
[3.708s] [ 28%] Built target dss_ros2_bridge__rosidl_typesupport_fastrtps_cpp
[3.708s] [ 33%] Built target dss_ros2_bridge__rosidl_typesupport_fastrtps_c
[3.708s] [ 39%] Built target dss_ros2_bridge__rosidl_typesupport_c
[3.715s] [35m[1mConsolidate compiler generated dependencies of target DSSToROSPointCloudNode[0m
[3.715s] [35m[1mConsolidate compiler generated dependencies of target DSSToROSClockNode[0m
[3.715s] [35m[1mConsolidate compiler generated dependencies of target DSSToROSIMUNode[0m
[3.715s] [35m[1mConsolidate compiler generated dependencies of target DSSToROSImageNode[0m
[3.715s] [35m[1mConsolidate compiler generated dependencies of target DSSToROSGpsNode[0m
[3.715s] [35m[1mConsolidate compiler generated dependencies of target DSSDemoNode[0m
[3.743s] [ 53%] Built target DSSToROSGpsNode
[3.743s] [ 53%] Built target DSSToROSClockNode
[3.743s] [ 60%] Built target DSSToROSPointCloudNode
[3.744s] [ 69%] Built target DSSDemoNode
[3.744s] [ 76%] Built target DSSToROSImageNode
[3.744s] [ 83%] Built target DSSToROSIMUNode
[3.753s] [ 83%] Built target dss_ros2_bridge
[3.763s] [ 85%] Built target dss_ros2_bridge__py
[3.768s] [35m[1mConsolidate compiler generated dependencies of target dss_ros2_bridge__rosidl_generator_py[0m
[3.775s] [ 89%] Built target dss_ros2_bridge__rosidl_generator_py
[3.780s] [35m[1mConsolidate compiler generated dependencies of target dss_ros2_bridge__rosidl_typesupport_fastrtps_c__pyext[0m
[3.780s] [35m[1mConsolidate compiler generated dependencies of target dss_ros2_bridge__rosidl_typesupport_introspection_c__pyext[0m
[3.780s] [35m[1mConsolidate compiler generated dependencies of target dss_ros2_bridge__rosidl_typesupport_c__pyext[0m
[3.786s] [ 96%] Built target dss_ros2_bridge__rosidl_typesupport_c__pyext
[3.786s] [ 96%] Built target dss_ros2_bridge__rosidl_typesupport_introspection_c__pyext
[3.787s] [100%] Built target dss_ros2_bridge__rosidl_typesupport_fastrtps_c__pyext
[3.802s] running egg_info
[3.803s] writing dss_ros2_bridge.egg-info/PKG-INFO
[3.803s] writing dependency_links to dss_ros2_bridge.egg-info/dependency_links.txt
[3.803s] writing top-level names to dss_ros2_bridge.egg-info/top_level.txt
[3.804s] reading manifest file 'dss_ros2_bridge.egg-info/SOURCES.txt'
[3.805s] writing manifest file 'dss_ros2_bridge.egg-info/SOURCES.txt'
[3.818s] [100%] Built target ament_cmake_python_build_dss_ros2_bridge_egg
[3.824s] Invoked command in '/home/tukorea/ros2_ws/build/dss_ros2_bridge' returned '0': CMAKE_PREFIX_PATH=/opt/ros/humble /usr/bin/cmake --build /home/tukorea/ros2_ws/build/dss_ros2_bridge -- -j20 -l20
[3.830s] Invoking command in '/home/tukorea/ros2_ws/build/dss_ros2_bridge': CMAKE_PREFIX_PATH=/opt/ros/humble /usr/bin/cmake --install /home/tukorea/ros2_ws/build/dss_ros2_bridge
[3.834s] -- Install configuration: ""
[3.834s] -- Execute custom install script
[3.834s] -- Up-to-date symlink: /home/tukorea/ros2_ws/install/dss_ros2_bridge/share/ament_index/resource_index/rosidl_interfaces/dss_ros2_bridge
[3.834s] -- Up-to-date symlink: /home/tukorea/ros2_ws/install/dss_ros2_bridge/include/dss_ros2_bridge/dss_ros2_bridge/msg/detail/dss_control__functions.h
[3.834s] -- Up-to-date symlink: /home/tukorea/ros2_ws/install/dss_ros2_bridge/include/dss_ros2_bridge/dss_ros2_bridge/msg/detail/dss_control__struct.h
[3.834s] -- Up-to-date symlink: /home/tukorea/ros2_ws/install/dss_ros2_bridge/include/dss_ros2_bridge/dss_ros2_bridge/msg/detail/dss_control__type_support.h
[3.834s] -- Up-to-date symlink: /home/tukorea/ros2_ws/install/dss_ros2_bridge/include/dss_ros2_bridge/dss_ros2_bridge/msg/dss_control.h
[3.834s] -- Up-to-date symlink: /home/tukorea/ros2_ws/install/dss_ros2_bridge/include/dss_ros2_bridge/dss_ros2_bridge/msg/rosidl_generator_c__visibility_control.h
[3.835s] -- Up-to-date symlink: /home/tukorea/ros2_ws/install/dss_ros2_bridge/share/dss_ros2_bridge/environment/library_path.sh
[3.835s] -- Up-to-date symlink: /home/tukorea/ros2_ws/install/dss_ros2_bridge/share/dss_ros2_bridge/environment/library_path.dsv
[3.835s] -- Up-to-date symlink: /home/tukorea/ros2_ws/install/dss_ros2_bridge/include/dss_ros2_bridge/dss_ros2_bridge/msg/detail/dss_control__rosidl_typesupport_fastrtps_c.h
[3.835s] -- Up-to-date symlink: /home/tukorea/ros2_ws/install/dss_ros2_bridge/include/dss_ros2_bridge/dss_ros2_bridge/msg/rosidl_typesupport_fastrtps_c__visibility_control.h
[3.835s] -- Up-to-date symlink: /home/tukorea/ros2_ws/install/dss_ros2_bridge/include/dss_ros2_bridge/dss_ros2_bridge/msg/detail/dss_control__builder.hpp
[3.835s] -- Up-to-date symlink: /home/tukorea/ros2_ws/install/dss_ros2_bridge/include/dss_ros2_bridge/dss_ros2_bridge/msg/detail/dss_control__struct.hpp
[3.835s] -- Up-to-date symlink: /home/tukorea/ros2_ws/install/dss_ros2_bridge/include/dss_ros2_bridge/dss_ros2_bridge/msg/detail/dss_control__traits.hpp
[3.835s] -- Up-to-date symlink: /home/tukorea/ros2_ws/install/dss_ros2_bridge/include/dss_ros2_bridge/dss_ros2_bridge/msg/detail/dss_control__type_support.hpp
[3.835s] -- Up-to-date symlink: /home/tukorea/ros2_ws/install/dss_ros2_bridge/include/dss_ros2_bridge/dss_ros2_bridge/msg/dss_control.hpp
[3.835s] -- Up-to-date symlink: /home/tukorea/ros2_ws/install/dss_ros2_bridge/include/dss_ros2_bridge/dss_ros2_bridge/msg/rosidl_generator_cpp__visibility_control.hpp
[3.835s] -- Up-to-date symlink: /home/tukorea/ros2_ws/install/dss_ros2_bridge/include/dss_ros2_bridge/dss_ros2_bridge/msg/detail/dss_control__rosidl_typesupport_fastrtps_cpp.hpp
[3.835s] -- Up-to-date symlink: /home/tukorea/ros2_ws/install/dss_ros2_bridge/include/dss_ros2_bridge/dss_ros2_bridge/msg/rosidl_typesupport_fastrtps_cpp__visibility_control.h
[3.835s] -- Up-to-date symlink: /home/tukorea/ros2_ws/install/dss_ros2_bridge/include/dss_ros2_bridge/dss_ros2_bridge/msg/detail/dss_control__rosidl_typesupport_introspection_c.h
[3.835s] -- Up-to-date symlink: /home/tukorea/ros2_ws/install/dss_ros2_bridge/include/dss_ros2_bridge/dss_ros2_bridge/msg/rosidl_typesupport_introspection_c__visibility_control.h
[3.835s] -- Up-to-date symlink: /home/tukorea/ros2_ws/install/dss_ros2_bridge/include/dss_ros2_bridge/dss_ros2_bridge/msg/detail/dss_control__rosidl_typesupport_introspection_cpp.hpp
[3.835s] -- Up-to-date symlink: /home/tukorea/ros2_ws/install/dss_ros2_bridge/share/dss_ros2_bridge/environment/pythonpath.sh
[3.836s] -- Up-to-date symlink: /home/tukorea/ros2_ws/install/dss_ros2_bridge/share/dss_ros2_bridge/environment/pythonpath.dsv
[3.836s] -- Up-to-date symlink: /home/tukorea/ros2_ws/install/dss_ros2_bridge/local/lib/python3.10/dist-packages/dss_ros2_bridge-1.0.0-py3.10.egg-info/PKG-INFO
[3.836s] -- Up-to-date symlink: /home/tukorea/ros2_ws/install/dss_ros2_bridge/local/lib/python3.10/dist-packages/dss_ros2_bridge-1.0.0-py3.10.egg-info/SOURCES.txt
[3.836s] -- Up-to-date symlink: /home/tukorea/ros2_ws/install/dss_ros2_bridge/local/lib/python3.10/dist-packages/dss_ros2_bridge-1.0.0-py3.10.egg-info/dependency_links.txt
[3.836s] -- Up-to-date symlink: /home/tukorea/ros2_ws/install/dss_ros2_bridge/local/lib/python3.10/dist-packages/dss_ros2_bridge-1.0.0-py3.10.egg-info/top_level.txt
[3.836s] -- Up-to-date symlink: /home/tukorea/ros2_ws/install/dss_ros2_bridge/local/lib/python3.10/dist-packages/dss_ros2_bridge/__init__.py
[3.836s] -- Up-to-date symlink: /home/tukorea/ros2_ws/install/dss_ros2_bridge/local/lib/python3.10/dist-packages/dss_ros2_bridge/_dss_ros2_bridge_s.ep.rosidl_typesupport_c.c
[3.836s] -- Up-to-date symlink: /home/tukorea/ros2_ws/install/dss_ros2_bridge/local/lib/python3.10/dist-packages/dss_ros2_bridge/_dss_ros2_bridge_s.ep.rosidl_typesupport_fastrtps_c.c
[3.836s] -- Up-to-date symlink: /home/tukorea/ros2_ws/install/dss_ros2_bridge/local/lib/python3.10/dist-packages/dss_ros2_bridge/_dss_ros2_bridge_s.ep.rosidl_typesupport_introspection_c.c
[3.836s] -- Up-to-date symlink: /home/tukorea/ros2_ws/install/dss_ros2_bridge/local/lib/python3.10/dist-packages/dss_ros2_bridge/dss_ros2_bridge_s__rosidl_typesupport_c.cpython-310-x86_64-linux-gnu.so
[3.836s] -- Up-to-date symlink: /home/tukorea/ros2_ws/install/dss_ros2_bridge/local/lib/python3.10/dist-packages/dss_ros2_bridge/dss_ros2_bridge_s__rosidl_typesupport_fastrtps_c.cpython-310-x86_64-linux-gnu.so
[3.836s] -- Up-to-date symlink: /home/tukorea/ros2_ws/install/dss_ros2_bridge/local/lib/python3.10/dist-packages/dss_ros2_bridge/dss_ros2_bridge_s__rosidl_typesupport_introspection_c.cpython-310-x86_64-linux-gnu.so
[3.837s] -- Up-to-date symlink: /home/tukorea/ros2_ws/install/dss_ros2_bridge/local/lib/python3.10/dist-packages/dss_ros2_bridge/libdss_ros2_bridge__rosidl_generator_py.so
[3.837s] -- Up-to-date symlink: /home/tukorea/ros2_ws/install/dss_ros2_bridge/local/lib/python3.10/dist-packages/dss_ros2_bridge/msg/__init__.py
[3.837s] -- Up-to-date symlink: /home/tukorea/ros2_ws/install/dss_ros2_bridge/local/lib/python3.10/dist-packages/dss_ros2_bridge/msg/_dss_control.py
[3.837s] -- Up-to-date symlink: /home/tukorea/ros2_ws/install/dss_ros2_bridge/local/lib/python3.10/dist-packages/dss_ros2_bridge/msg/_dss_control_s.c
[3.837s] -- Up-to-date symlink: /home/tukorea/ros2_ws/install/dss_ros2_bridge/local/lib/python3.10/dist-packages/dss_ros2_bridge/dss_ros2_bridge_s__rosidl_typesupport_fastrtps_c.cpython-310-x86_64-linux-gnu.so
[3.837s] -- Up-to-date symlink: /home/tukorea/ros2_ws/install/dss_ros2_bridge/local/lib/python3.10/dist-packages/dss_ros2_bridge/dss_ros2_bridge_s__rosidl_typesupport_introspection_c.cpython-310-x86_64-linux-gnu.so
[3.837s] -- Up-to-date symlink: /home/tukorea/ros2_ws/install/dss_ros2_bridge/local/lib/python3.10/dist-packages/dss_ros2_bridge/dss_ros2_bridge_s__rosidl_typesupport_c.cpython-310-x86_64-linux-gnu.so
[3.837s] -- Up-to-date symlink: /home/tukorea/ros2_ws/install/dss_ros2_bridge/share/dss_ros2_bridge/msg/DssControl.idl
[3.837s] -- Up-to-date symlink: /home/tukorea/ros2_ws/install/dss_ros2_bridge/share/dss_ros2_bridge/msg/DssControl.msg
[3.837s] -- Up-to-date symlink: /home/tukorea/ros2_ws/install/dss_ros2_bridge/lib/dss_ros2_bridge/DSSToROSImageNode
[3.837s] -- Up-to-date symlink: /home/tukorea/ros2_ws/install/dss_ros2_bridge/lib/dss_ros2_bridge/DSSToROSClockNode
[3.837s] -- Up-to-date symlink: /home/tukorea/ros2_ws/install/dss_ros2_bridge/lib/dss_ros2_bridge/DSSToROSPointCloudNode
[3.837s] -- Up-to-date symlink: /home/tukorea/ros2_ws/install/dss_ros2_bridge/lib/dss_ros2_bridge/DSSToROSIMUNode
[3.837s] -- Up-to-date symlink: /home/tukorea/ros2_ws/install/dss_ros2_bridge/lib/dss_ros2_bridge/DSSToROSGpsNode
[3.837s] -- Up-to-date symlink: /home/tukorea/ros2_ws/install/dss_ros2_bridge/lib/dss_ros2_bridge/DSSDemoNode
[3.837s] -- Up-to-date symlink: /home/tukorea/ros2_ws/install/dss_ros2_bridge/lib/dss_ros2_bridge/libdss_ros2_bridge__rosidl_typesupport_cpp.so
[3.837s] -- Up-to-date symlink: /home/tukorea/ros2_ws/install/dss_ros2_bridge/share/dss_ros2_bridge/msg/DssControl.msg
[3.837s] -- Up-to-date symlink: /home/tukorea/ros2_ws/install/dss_ros2_bridge/share/dss_ros2_bridge/launch/launch.py
[3.837s] -- Up-to-date symlink: /home/tukorea/ros2_ws/install/dss_ros2_bridge/share/ament_index/resource_index/package_run_dependencies/dss_ros2_bridge
[3.837s] -- Up-to-date symlink: /home/tukorea/ros2_ws/install/dss_ros2_bridge/share/ament_index/resource_index/parent_prefix_path/dss_ros2_bridge
[3.837s] -- Up-to-date symlink: /home/tukorea/ros2_ws/install/dss_ros2_bridge/share/dss_ros2_bridge/environment/ament_prefix_path.sh
[3.838s] -- Up-to-date symlink: /home/tukorea/ros2_ws/install/dss_ros2_bridge/share/dss_ros2_bridge/environment/ament_prefix_path.dsv
[3.838s] -- Up-to-date symlink: /home/tukorea/ros2_ws/install/dss_ros2_bridge/share/dss_ros2_bridge/environment/path.sh
[3.838s] -- Up-to-date symlink: /home/tukorea/ros2_ws/install/dss_ros2_bridge/share/dss_ros2_bridge/environment/path.dsv
[3.838s] -- Up-to-date symlink: /home/tukorea/ros2_ws/install/dss_ros2_bridge/share/dss_ros2_bridge/local_setup.bash
[3.838s] -- Up-to-date symlink: /home/tukorea/ros2_ws/install/dss_ros2_bridge/share/dss_ros2_bridge/local_setup.sh
[3.838s] -- Up-to-date symlink: /home/tukorea/ros2_ws/install/dss_ros2_bridge/share/dss_ros2_bridge/local_setup.zsh
[3.838s] -- Up-to-date symlink: /home/tukorea/ros2_ws/install/dss_ros2_bridge/share/dss_ros2_bridge/local_setup.dsv
[3.838s] -- Symlinking: /home/tukorea/ros2_ws/install/dss_ros2_bridge/share/dss_ros2_bridge/package.dsv
[3.842s] -- Up-to-date symlink: /home/tukorea/ros2_ws/install/dss_ros2_bridge/share/ament_index/resource_index/packages/dss_ros2_bridge
[3.842s] -- Up-to-date symlink: /home/tukorea/ros2_ws/install/dss_ros2_bridge/share/dss_ros2_bridge/cmake/rosidl_cmake-extras.cmake
[3.842s] -- Up-to-date symlink: /home/tukorea/ros2_ws/install/dss_ros2_bridge/share/dss_ros2_bridge/cmake/ament_cmake_export_include_directories-extras.cmake
[3.842s] -- Up-to-date symlink: /home/tukorea/ros2_ws/install/dss_ros2_bridge/share/dss_ros2_bridge/cmake/ament_cmake_export_libraries-extras.cmake
[3.843s] -- Up-to-date symlink: /home/tukorea/ros2_ws/install/dss_ros2_bridge/share/dss_ros2_bridge/cmake/ament_cmake_export_targets-extras.cmake
[3.843s] -- Up-to-date symlink: /home/tukorea/ros2_ws/install/dss_ros2_bridge/share/dss_ros2_bridge/cmake/rosidl_cmake_export_typesupport_targets-extras.cmake
[3.843s] -- Up-to-date symlink: /home/tukorea/ros2_ws/install/dss_ros2_bridge/share/dss_ros2_bridge/cmake/ament_cmake_export_dependencies-extras.cmake
[3.843s] -- Up-to-date symlink: /home/tukorea/ros2_ws/install/dss_ros2_bridge/share/dss_ros2_bridge/cmake/rosidl_cmake_export_typesupport_libraries-extras.cmake
[3.843s] -- Up-to-date symlink: /home/tukorea/ros2_ws/install/dss_ros2_bridge/share/dss_ros2_bridge/cmake/dss_ros2_bridgeConfig.cmake
[3.843s] -- Up-to-date symlink: /home/tukorea/ros2_ws/install/dss_ros2_bridge/share/dss_ros2_bridge/cmake/dss_ros2_bridgeConfig-version.cmake
[3.843s] -- Up-to-date symlink: /home/tukorea/ros2_ws/install/dss_ros2_bridge/share/dss_ros2_bridge/package.xml
[3.843s] -- Up-to-date: /home/tukorea/ros2_ws/install/dss_ros2_bridge/lib/libdss_ros2_bridge__rosidl_generator_c.so
[3.844s] -- Up-to-date: /home/tukorea/ros2_ws/install/dss_ros2_bridge/lib/libdss_ros2_bridge__rosidl_typesupport_fastrtps_c.so
[3.844s] -- Up-to-date: /home/tukorea/ros2_ws/install/dss_ros2_bridge/lib/libdss_ros2_bridge__rosidl_typesupport_fastrtps_cpp.so
[3.844s] -- Up-to-date: /home/tukorea/ros2_ws/install/dss_ros2_bridge/lib/libdss_ros2_bridge__rosidl_typesupport_introspection_c.so
[3.845s] -- Up-to-date: /home/tukorea/ros2_ws/install/dss_ros2_bridge/lib/libdss_ros2_bridge__rosidl_typesupport_c.so
[3.845s] -- Up-to-date: /home/tukorea/ros2_ws/install/dss_ros2_bridge/lib/libdss_ros2_bridge__rosidl_typesupport_introspection_cpp.so
[3.846s] -- Up-to-date: /home/tukorea/ros2_ws/install/dss_ros2_bridge/lib/libdss_ros2_bridge__rosidl_typesupport_cpp.so
[3.864s] Listing '/home/tukorea/ros2_ws/install/dss_ros2_bridge/local/lib/python3.10/dist-packages/dss_ros2_bridge'...
[3.864s] Compiling '/home/tukorea/ros2_ws/install/dss_ros2_bridge/local/lib/python3.10/dist-packages/dss_ros2_bridge/__init__.py'...
[3.864s] Listing '/home/tukorea/ros2_ws/install/dss_ros2_bridge/local/lib/python3.10/dist-packages/dss_ros2_bridge/msg'...
[3.866s] -- Up-to-date: /home/tukorea/ros2_ws/install/dss_ros2_bridge/lib/libdss_ros2_bridge__rosidl_generator_py.so
[3.866s] -- Up-to-date: /home/tukorea/ros2_ws/install/dss_ros2_bridge/share/dss_ros2_bridge/cmake/export_dss_ros2_bridge__rosidl_generator_cExport.cmake
[3.866s] -- Up-to-date: /home/tukorea/ros2_ws/install/dss_ros2_bridge/share/dss_ros2_bridge/cmake/export_dss_ros2_bridge__rosidl_generator_cExport-noconfig.cmake
[3.867s] -- Up-to-date: /home/tukorea/ros2_ws/install/dss_ros2_bridge/share/dss_ros2_bridge/cmake/export_dss_ros2_bridge__rosidl_typesupport_fastrtps_cExport.cmake
[3.867s] -- Up-to-date: /home/tukorea/ros2_ws/install/dss_ros2_bridge/share/dss_ros2_bridge/cmake/export_dss_ros2_bridge__rosidl_typesupport_fastrtps_cExport-noconfig.cmake
[3.867s] -- Up-to-date: /home/tukorea/ros2_ws/install/dss_ros2_bridge/share/dss_ros2_bridge/cmake/export_dss_ros2_bridge__rosidl_generator_cppExport.cmake
[3.867s] -- Up-to-date: /home/tukorea/ros2_ws/install/dss_ros2_bridge/share/dss_ros2_bridge/cmake/export_dss_ros2_bridge__rosidl_typesupport_fastrtps_cppExport.cmake
[3.867s] -- Up-to-date: /home/tukorea/ros2_ws/install/dss_ros2_bridge/share/dss_ros2_bridge/cmake/export_dss_ros2_bridge__rosidl_typesupport_fastrtps_cppExport-noconfig.cmake
[3.867s] -- Up-to-date: /home/tukorea/ros2_ws/install/dss_ros2_bridge/share/dss_ros2_bridge/cmake/dss_ros2_bridge__rosidl_typesupport_introspection_cExport.cmake
[3.867s] -- Up-to-date: /home/tukorea/ros2_ws/install/dss_ros2_bridge/share/dss_ros2_bridge/cmake/dss_ros2_bridge__rosidl_typesupport_introspection_cExport-noconfig.cmake
[3.868s] -- Up-to-date: /home/tukorea/ros2_ws/install/dss_ros2_bridge/share/dss_ros2_bridge/cmake/dss_ros2_bridge__rosidl_typesupport_cExport.cmake
[3.868s] -- Up-to-date: /home/tukorea/ros2_ws/install/dss_ros2_bridge/share/dss_ros2_bridge/cmake/dss_ros2_bridge__rosidl_typesupport_cExport-noconfig.cmake
[3.868s] -- Up-to-date: /home/tukorea/ros2_ws/install/dss_ros2_bridge/share/dss_ros2_bridge/cmake/dss_ros2_bridge__rosidl_typesupport_introspection_cppExport.cmake
[3.868s] -- Up-to-date: /home/tukorea/ros2_ws/install/dss_ros2_bridge/share/dss_ros2_bridge/cmake/dss_ros2_bridge__rosidl_typesupport_introspection_cppExport-noconfig.cmake
[3.868s] -- Up-to-date: /home/tukorea/ros2_ws/install/dss_ros2_bridge/share/dss_ros2_bridge/cmake/dss_ros2_bridge__rosidl_typesupport_cppExport.cmake
[3.868s] -- Up-to-date: /home/tukorea/ros2_ws/install/dss_ros2_bridge/share/dss_ros2_bridge/cmake/dss_ros2_bridge__rosidl_typesupport_cppExport-noconfig.cmake
[3.868s] -- Up-to-date: /home/tukorea/ros2_ws/install/dss_ros2_bridge/share/dss_ros2_bridge/cmake/export_dss_ros2_bridge__rosidl_generator_pyExport.cmake
[3.868s] -- Up-to-date: /home/tukorea/ros2_ws/install/dss_ros2_bridge/share/dss_ros2_bridge/cmake/export_dss_ros2_bridge__rosidl_generator_pyExport-noconfig.cmake
[3.870s] Invoked command in '/home/tukorea/ros2_ws/build/dss_ros2_bridge' returned '0': CMAKE_PREFIX_PATH=/opt/ros/humble /usr/bin/cmake --install /home/tukorea/ros2_ws/build/dss_ros2_bridge
